{"C:\\Users\\Gustavo\\tcc\\meu-tcc\\functions\\pdi.js": {"path":"C:\\Users\\Gustavo\\tcc\\meu-tcc\\functions\\pdi.js","statementMap":{"0":{"start":{"line":1,"column":14},"end":{"line":1,"column":39}},"1":{"start":{"line":2,"column":11},"end":{"line":2,"column":28}},"2":{"start":{"line":3,"column":30},"end":{"line":3,"column":72}},"3":{"start":{"line":5,"column":18},"end":{"line":8,"column":1}},"4":{"start":{"line":17,"column":2},"end":{"line":17,"column":28}},"5":{"start":{"line":17,"column":15},"end":{"line":17,"column":28}},"6":{"start":{"line":19,"column":21},"end":{"line":23,"column":11}},"7":{"start":{"line":25,"column":2},"end":{"line":25,"column":36}},"8":{"start":{"line":33,"column":17},"end":{"line":33,"column":41}},"9":{"start":{"line":34,"column":16},"end":{"line":34,"column":39}},"10":{"start":{"line":35,"column":2},"end":{"line":35,"column":32}},"11":{"start":{"line":35,"column":25},"end":{"line":35,"column":32}},"12":{"start":{"line":37,"column":18},"end":{"line":37,"column":45}},"13":{"start":{"line":38,"column":17},"end":{"line":38,"column":43}},"14":{"start":{"line":41,"column":2},"end":{"line":41,"column":33}},"15":{"start":{"line":41,"column":26},"end":{"line":41,"column":33}},"16":{"start":{"line":44,"column":2},"end":{"line":44,"column":27}},"17":{"start":{"line":44,"column":20},"end":{"line":44,"column":27}},"18":{"start":{"line":46,"column":17},"end":{"line":46,"column":36}},"19":{"start":{"line":49,"column":19},"end":{"line":49,"column":73}},"20":{"start":{"line":50,"column":15},"end":{"line":50,"column":55}},"21":{"start":{"line":51,"column":2},"end":{"line":51,"column":38}},"22":{"start":{"line":51,"column":31},"end":{"line":51,"column":38}},"23":{"start":{"line":53,"column":14},"end":{"line":53,"column":27}},"24":{"start":{"line":56,"column":2},"end":{"line":60,"column":5}},"25":{"start":{"line":63,"column":2},"end":{"line":73,"column":5}},"26":{"start":{"line":76,"column":2},"end":{"line":78,"column":5}},"27":{"start":{"line":86,"column":17},"end":{"line":86,"column":41}},"28":{"start":{"line":87,"column":16},"end":{"line":87,"column":39}},"29":{"start":{"line":88,"column":2},"end":{"line":88,"column":32}},"30":{"start":{"line":88,"column":25},"end":{"line":88,"column":32}},"31":{"start":{"line":90,"column":14},"end":{"line":90,"column":28}},"32":{"start":{"line":91,"column":2},"end":{"line":91,"column":19}},"33":{"start":{"line":91,"column":12},"end":{"line":91,"column":19}},"34":{"start":{"line":93,"column":21},"end":{"line":93,"column":49}},"35":{"start":{"line":94,"column":20},"end":{"line":94,"column":47}},"36":{"start":{"line":97,"column":2},"end":{"line":97,"column":51}},"37":{"start":{"line":97,"column":44},"end":{"line":97,"column":51}},"38":{"start":{"line":100,"column":2},"end":{"line":100,"column":34}},"39":{"start":{"line":100,"column":27},"end":{"line":100,"column":34}},"40":{"start":{"line":103,"column":2},"end":{"line":107,"column":5}},"41":{"start":{"line":109,"column":2},"end":{"line":119,"column":5}},"42":{"start":{"line":121,"column":2},"end":{"line":125,"column":5}},"43":{"start":{"line":129,"column":0},"end":{"line":132,"column":2}},"44":{"start":{"line":131,"column":13},"end":{"line":131,"column":40}},"45":{"start":{"line":134,"column":0},"end":{"line":137,"column":2}},"46":{"start":{"line":136,"column":13},"end":{"line":136,"column":40}},"47":{"start":{"line":140,"column":0},"end":{"line":145,"column":2}}},"fnMap":{"0":{"name":"isDoneStatus","decl":{"start":{"line":16,"column":9},"end":{"line":16,"column":21}},"loc":{"start":{"line":16,"column":30},"end":{"line":26,"column":1}},"line":16},"1":{"name":"handlePdiItemUpdated","decl":{"start":{"line":32,"column":15},"end":{"line":32,"column":35}},"loc":{"start":{"line":32,"column":65},"end":{"line":79,"column":1}},"line":32},"2":{"name":"handlePdiPlanUpdated","decl":{"start":{"line":85,"column":15},"end":{"line":85,"column":35}},"loc":{"start":{"line":85,"column":65},"end":{"line":126,"column":1}},"line":85},"3":{"name":"(anonymous_3)","decl":{"start":{"line":131,"column":2},"end":{"line":131,"column":3}},"loc":{"start":{"line":131,"column":13},"end":{"line":131,"column":40}},"line":131},"4":{"name":"(anonymous_4)","decl":{"start":{"line":136,"column":2},"end":{"line":136,"column":3}},"loc":{"start":{"line":136,"column":13},"end":{"line":136,"column":40}},"line":136}},"branchMap":{"0":{"loc":{"start":{"line":17,"column":2},"end":{"line":17,"column":28}},"type":"if","locations":[{"start":{"line":17,"column":2},"end":{"line":17,"column":28}},{"start":{},"end":{}}],"line":17},"1":{"loc":{"start":{"line":32,"column":43},"end":{"line":32,"column":63}},"type":"default-arg","locations":[{"start":{"line":32,"column":50},"end":{"line":32,"column":63}}],"line":32},"2":{"loc":{"start":{"line":35,"column":2},"end":{"line":35,"column":32}},"type":"if","locations":[{"start":{"line":35,"column":2},"end":{"line":35,"column":32}},{"start":{},"end":{}}],"line":35},"3":{"loc":{"start":{"line":35,"column":6},"end":{"line":35,"column":23}},"type":"binary-expr","locations":[{"start":{"line":35,"column":6},"end":{"line":35,"column":13}},{"start":{"line":35,"column":17},"end":{"line":35,"column":23}}],"line":35},"4":{"loc":{"start":{"line":41,"column":2},"end":{"line":41,"column":33}},"type":"if","locations":[{"start":{"line":41,"column":2},"end":{"line":41,"column":33}},{"start":{},"end":{}}],"line":41},"5":{"loc":{"start":{"line":41,"column":6},"end":{"line":41,"column":24}},"type":"binary-expr","locations":[{"start":{"line":41,"column":6},"end":{"line":41,"column":13}},{"start":{"line":41,"column":17},"end":{"line":41,"column":24}}],"line":41},"6":{"loc":{"start":{"line":44,"column":2},"end":{"line":44,"column":27}},"type":"if","locations":[{"start":{"line":44,"column":2},"end":{"line":44,"column":27}},{"start":{},"end":{}}],"line":44},"7":{"loc":{"start":{"line":50,"column":15},"end":{"line":50,"column":55}},"type":"cond-expr","locations":[{"start":{"line":50,"column":33},"end":{"line":50,"column":48}},{"start":{"line":50,"column":51},"end":{"line":50,"column":55}}],"line":50},"8":{"loc":{"start":{"line":51,"column":2},"end":{"line":51,"column":38}},"type":"if","locations":[{"start":{"line":51,"column":2},"end":{"line":51,"column":38}},{"start":{},"end":{}}],"line":51},"9":{"loc":{"start":{"line":51,"column":6},"end":{"line":51,"column":29}},"type":"binary-expr","locations":[{"start":{"line":51,"column":6},"end":{"line":51,"column":11}},{"start":{"line":51,"column":15},"end":{"line":51,"column":29}}],"line":51},"10":{"loc":{"start":{"line":85,"column":43},"end":{"line":85,"column":63}},"type":"default-arg","locations":[{"start":{"line":85,"column":50},"end":{"line":85,"column":63}}],"line":85},"11":{"loc":{"start":{"line":88,"column":2},"end":{"line":88,"column":32}},"type":"if","locations":[{"start":{"line":88,"column":2},"end":{"line":88,"column":32}},{"start":{},"end":{}}],"line":88},"12":{"loc":{"start":{"line":88,"column":6},"end":{"line":88,"column":23}},"type":"binary-expr","locations":[{"start":{"line":88,"column":6},"end":{"line":88,"column":13}},{"start":{"line":88,"column":17},"end":{"line":88,"column":23}}],"line":88},"13":{"loc":{"start":{"line":91,"column":2},"end":{"line":91,"column":19}},"type":"if","locations":[{"start":{"line":91,"column":2},"end":{"line":91,"column":19}},{"start":{},"end":{}}],"line":91},"14":{"loc":{"start":{"line":93,"column":28},"end":{"line":93,"column":48}},"type":"binary-expr","locations":[{"start":{"line":93,"column":28},"end":{"line":93,"column":43}},{"start":{"line":93,"column":47},"end":{"line":93,"column":48}}],"line":93},"15":{"loc":{"start":{"line":94,"column":27},"end":{"line":94,"column":46}},"type":"binary-expr","locations":[{"start":{"line":94,"column":27},"end":{"line":94,"column":41}},{"start":{"line":94,"column":45},"end":{"line":94,"column":46}}],"line":94},"16":{"loc":{"start":{"line":97,"column":2},"end":{"line":97,"column":51}},"type":"if","locations":[{"start":{"line":97,"column":2},"end":{"line":97,"column":51}},{"start":{},"end":{}}],"line":97},"17":{"loc":{"start":{"line":97,"column":6},"end":{"line":97,"column":42}},"type":"binary-expr","locations":[{"start":{"line":97,"column":6},"end":{"line":97,"column":23}},{"start":{"line":97,"column":27},"end":{"line":97,"column":42}}],"line":97},"18":{"loc":{"start":{"line":100,"column":2},"end":{"line":100,"column":34}},"type":"if","locations":[{"start":{"line":100,"column":2},"end":{"line":100,"column":34}},{"start":{},"end":{}}],"line":100}},"s":{"0":1,"1":1,"2":1,"3":1,"4":12,"5":1,"6":11,"7":11,"8":3,"9":3,"10":3,"11":0,"12":3,"13":3,"14":3,"15":1,"16":2,"17":1,"18":1,"19":1,"20":1,"21":1,"22":0,"23":1,"24":1,"25":1,"26":1,"27":3,"28":3,"29":3,"30":0,"31":3,"32":3,"33":0,"34":3,"35":3,"36":3,"37":1,"38":2,"39":1,"40":1,"41":1,"42":1,"43":1,"44":0,"45":1,"46":0,"47":1},"f":{"0":12,"1":3,"2":3,"3":0,"4":0},"b":{"0":[1,11],"1":[0],"2":[0,3],"3":[3,3],"4":[1,2],"5":[3,2],"6":[1,1],"7":[1,0],"8":[0,1],"9":[1,1],"10":[0],"11":[0,3],"12":[3,3],"13":[0,3],"14":[3,0],"15":[3,0],"16":[1,2],"17":[3,2],"18":[1,1]},"_coverageSchema":"1a1c01bbd47fc00a2c39e90264f33305004495a9","hash":"bd4e9beaea844153448d5c850b37c3f8010c6e88"}
,"C:\\Users\\Gustavo\\tcc\\meu-tcc\\functions\\xp.js": {"path":"C:\\Users\\Gustavo\\tcc\\meu-tcc\\functions\\xp.js","statementMap":{"0":{"start":{"line":1,"column":18},"end":{"line":1,"column":47}},"1":{"start":{"line":2,"column":14},"end":{"line":2,"column":39}},"2":{"start":{"line":4,"column":11},"end":{"line":4,"column":28}},"3":{"start":{"line":11,"column":0},"end":{"line":58,"column":3}},"4":{"start":{"line":12,"column":2},"end":{"line":57,"column":3}},"5":{"start":{"line":14,"column":17},"end":{"line":14,"column":61}},"6":{"start":{"line":16,"column":16},"end":{"line":16,"column":24}},"7":{"start":{"line":17,"column":19},"end":{"line":17,"column":30}},"8":{"start":{"line":18,"column":19},"end":{"line":18,"column":50}},"9":{"start":{"line":20,"column":4},"end":{"line":22,"column":5}},"10":{"start":{"line":21,"column":6},"end":{"line":21,"column":83}},"11":{"start":{"line":24,"column":26},"end":{"line":24,"column":45}},"12":{"start":{"line":25,"column":4},"end":{"line":27,"column":5}},"13":{"start":{"line":26,"column":6},"end":{"line":26,"column":78}},"14":{"start":{"line":30,"column":4},"end":{"line":32,"column":7}},"15":{"start":{"line":35,"column":4},"end":{"line":45,"column":7}},"16":{"start":{"line":47,"column":4},"end":{"line":53,"column":7}},"17":{"start":{"line":55,"column":4},"end":{"line":55,"column":47}},"18":{"start":{"line":56,"column":4},"end":{"line":56,"column":59}}},"fnMap":{"0":{"name":"(anonymous_0)","decl":{"start":{"line":11,"column":44},"end":{"line":11,"column":45}},"loc":{"start":{"line":11,"column":64},"end":{"line":58,"column":1}},"line":11}},"branchMap":{"0":{"loc":{"start":{"line":14,"column":17},"end":{"line":14,"column":61}},"type":"cond-expr","locations":[{"start":{"line":14,"column":41},"end":{"line":14,"column":49}},{"start":{"line":14,"column":52},"end":{"line":14,"column":61}}],"line":14},"1":{"loc":{"start":{"line":18,"column":19},"end":{"line":18,"column":50}},"type":"binary-expr","locations":[{"start":{"line":18,"column":19},"end":{"line":18,"column":30}},{"start":{"line":18,"column":34},"end":{"line":18,"column":50}}],"line":18},"2":{"loc":{"start":{"line":20,"column":4},"end":{"line":22,"column":5}},"type":"if","locations":[{"start":{"line":20,"column":4},"end":{"line":22,"column":5}},{"start":{},"end":{}}],"line":20},"3":{"loc":{"start":{"line":20,"column":8},"end":{"line":20,"column":30}},"type":"binary-expr","locations":[{"start":{"line":20,"column":8},"end":{"line":20,"column":12}},{"start":{"line":20,"column":16},"end":{"line":20,"column":30}}],"line":20},"4":{"loc":{"start":{"line":24,"column":33},"end":{"line":24,"column":44}},"type":"binary-expr","locations":[{"start":{"line":24,"column":33},"end":{"line":24,"column":39}},{"start":{"line":24,"column":43},"end":{"line":24,"column":44}}],"line":24},"5":{"loc":{"start":{"line":25,"column":4},"end":{"line":27,"column":5}},"type":"if","locations":[{"start":{"line":25,"column":4},"end":{"line":27,"column":5}},{"start":{},"end":{}}],"line":25}},"s":{"0":1,"1":1,"2":1,"3":1,"4":2,"5":2,"6":2,"7":2,"8":2,"9":2,"10":1,"11":1,"12":1,"13":0,"14":1,"15":1,"16":1,"17":0,"18":0},"f":{"0":2},"b":{"0":[2,0],"1":[2,1],"2":[1,1],"3":[2,2],"4":[1,0],"5":[0,1]},"_coverageSchema":"1a1c01bbd47fc00a2c39e90264f33305004495a9","hash":"bb90758432c5c23767f31efe2754f9d4ba7e6a98"}
}
