TN:
SF:pdi.js
FN:16,isDoneStatus
FN:32,handlePdiItemUpdated
FN:85,handlePdiPlanUpdated
FN:131,(anonymous_3)
FN:136,(anonymous_4)
FNF:5
FNH:3
FNDA:12,isDoneStatus
FNDA:3,handlePdiItemUpdated
FNDA:3,handlePdiPlanUpdated
FNDA:0,(anonymous_3)
FNDA:0,(anonymous_4)
DA:1,1
DA:2,1
DA:3,1
DA:5,1
DA:17,12
DA:19,11
DA:25,11
DA:33,3
DA:34,3
DA:35,3
DA:37,3
DA:38,3
DA:41,3
DA:44,2
DA:46,1
DA:49,1
DA:50,1
DA:51,1
DA:53,1
DA:56,1
DA:63,1
DA:76,1
DA:86,3
DA:87,3
DA:88,3
DA:90,3
DA:91,3
DA:93,3
DA:94,3
DA:97,3
DA:100,2
DA:103,1
DA:109,1
DA:121,1
DA:129,1
DA:131,0
DA:134,1
DA:136,0
DA:140,1
LF:39
LH:37
BRDA:17,0,0,1
BRDA:17,0,1,11
BRDA:32,1,0,0
BRDA:35,2,0,0
BRDA:35,2,1,3
BRDA:35,3,0,3
BRDA:35,3,1,3
BRDA:41,4,0,1
BRDA:41,4,1,2
BRDA:41,5,0,3
BRDA:41,5,1,2
BRDA:44,6,0,1
BRDA:44,6,1,1
BRDA:50,7,0,1
BRDA:50,7,1,0
BRDA:51,8,0,0
BRDA:51,8,1,1
BRDA:51,9,0,1
BRDA:51,9,1,1
BRDA:85,10,0,0
BRDA:88,11,0,0
BRDA:88,11,1,3
BRDA:88,12,0,3
BRDA:88,12,1,3
BRDA:91,13,0,0
BRDA:91,13,1,3
BRDA:93,14,0,3
BRDA:93,14,1,0
BRDA:94,15,0,3
BRDA:94,15,1,0
BRDA:97,16,0,1
BRDA:97,16,1,2
BRDA:97,17,0,3
BRDA:97,17,1,2
BRDA:100,18,0,1
BRDA:100,18,1,1
BRF:36
BRH:27
end_of_record
TN:
SF:xp.js
FN:11,(anonymous_0)
FNF:1
FNH:1
FNDA:2,(anonymous_0)
DA:1,1
DA:2,1
DA:4,1
DA:11,1
DA:12,2
DA:14,2
DA:16,2
DA:17,2
DA:18,2
DA:20,2
DA:21,1
DA:24,1
DA:25,1
DA:26,0
DA:30,1
DA:35,1
DA:47,1
DA:55,0
DA:56,0
LF:19
LH:16
BRDA:14,0,0,2
BRDA:14,0,1,0
BRDA:18,1,0,2
BRDA:18,1,1,1
BRDA:20,2,0,1
BRDA:20,2,1,1
BRDA:20,3,0,2
BRDA:20,3,1,2
BRDA:24,4,0,1
BRDA:24,4,1,0
BRDA:25,5,0,0
BRDA:25,5,1,1
BRF:12
BRH:9
end_of_record
